Determining if the include file pthread.h exists failed with the following output:
Change Dir: C:/mnich2/OpenIGTLink-1/Blds/CMakeFiles/CMakeTmp

Run Build Command:"C:/Windows/Microsoft.NET/Framework/v4.0.30319/MSBuild.exe" "cmTC_e0666.vcxproj" "/p:Configuration=Debug" "/p:VisualStudioVersion=10.0"
Microsoft (R) Build Engine w wersji 4.6.1085.0
[Microsoft .NET Framework w wersji 4.0.30319.42000]
Copyright (C) Microsoft Corporation. Wszelkie prawa zastrze¾one.

Kompilacja rozpocz©ˆa si© 2017-03-13 11:58:49.
Projekt "C:\mnich2\OpenIGTLink-1\Blds\CMakeFiles\CMakeTmp\cmTC_e0666.vcxproj" w w©«le 1 (domy˜lne elementy docelowe).
PrepareForBuild:
  Tworzenie katalogu "cmTC_e0666.dir\Debug\".
  Tworzenie katalogu "C:\mnich2\OpenIGTLink-1\Blds\CMakeFiles\CMakeTmp\Debug\".
InitializeBuildStatus:
  Trwa tworzenie "cmTC_e0666.dir\Debug\cmTC_e0666.unsuccessfulbuild", poniewa¾ okre˜lono "AlwaysCreate".
ClCompile:
  c:\Program Files\Microsoft Visual Studio 10.0\VC\bin\CL.exe /c /Zi /W3 /WX- /Od /Ob0 /Oy- /D WIN32 /D _WINDOWS /D _DEBUG /D "CMAKE_INTDIR=\"Debug\"" /D _MBCS /Gm- /RTC1 /MDd /GS /fp:precise /Zc:wchar_t /Zc:forScope /Fo"cmTC_e0666.dir\Debug\\" /Fd"cmTC_e0666.dir\Debug\vc100.pdb" /Gd /TC /analyze- /errorReport:queue CheckIncludeFile.c
  Microsoft (R) 32-bit C/C++ Optimizing Compiler Version 16.00.40219.01 for 80x86
  Copyright (C) Microsoft Corporation.  All rights reserved.
  
  cl /c /Zi /W3 /WX- /Od /Ob0 /Oy- /D WIN32 /D _WINDOWS /D _DEBUG /D "CMAKE_INTDIR=\"Debug\"" /D _MBCS /Gm- /RTC1 /MDd /GS /fp:precise /Zc:wchar_t /Zc:forScope /Fo"cmTC_e0666.dir\Debug\\" /Fd"cmTC_e0666.dir\Debug\vc100.pdb" /Gd /TC /analyze- /errorReport:queue CheckIncludeFile.c
  
  CheckIncludeFile.c
CheckIncludeFile.c(1): fatal error C1083: Cannot open include file: 'pthread.h': No such file or directory [C:\mnich2\OpenIGTLink-1\Blds\CMakeFiles\CMakeTmp\cmTC_e0666.vcxproj]
Kompilowanie projektu "C:\mnich2\OpenIGTLink-1\Blds\CMakeFiles\CMakeTmp\cmTC_e0666.vcxproj" wykonane (domy˜lne elementy docelowe) - NIEPOWODZENIE.

Kompilacja NIE POWIODA SI¨.

"C:\mnich2\OpenIGTLink-1\Blds\CMakeFiles\CMakeTmp\cmTC_e0666.vcxproj" (domy˜lny element docelowy) (1)->
(element docelowy ClCompile) -> 
  CheckIncludeFile.c(1): fatal error C1083: Cannot open include file: 'pthread.h': No such file or directory [C:\mnich2\OpenIGTLink-1\Blds\CMakeFiles\CMakeTmp\cmTC_e0666.vcxproj]

    Ostrze¾enia: 0
    Liczba bˆ©d¢w: 1

Czas, kt¢ry upˆyn¥ˆ: 00:00:00.21


Determining if the function getsockname exists in the socket failed with the following output:
Change Dir: C:/mnich2/OpenIGTLink-1/Blds/CMakeFiles/CMakeTmp

Run Build Command:"C:/Windows/Microsoft.NET/Framework/v4.0.30319/MSBuild.exe" "cmTC_71b96.vcxproj" "/p:Configuration=Debug" "/p:VisualStudioVersion=10.0"
Microsoft (R) Build Engine w wersji 4.6.1085.0
[Microsoft .NET Framework w wersji 4.0.30319.42000]
Copyright (C) Microsoft Corporation. Wszelkie prawa zastrze¾one.

Kompilacja rozpocz©ˆa si© 2017-03-13 11:58:49.
Projekt "C:\mnich2\OpenIGTLink-1\Blds\CMakeFiles\CMakeTmp\cmTC_71b96.vcxproj" w w©«le 1 (domy˜lne elementy docelowe).
PrepareForBuild:
  Tworzenie katalogu "cmTC_71b96.dir\Debug\".
  Tworzenie katalogu "C:\mnich2\OpenIGTLink-1\Blds\CMakeFiles\CMakeTmp\Debug\".
InitializeBuildStatus:
  Trwa tworzenie "cmTC_71b96.dir\Debug\cmTC_71b96.unsuccessfulbuild", poniewa¾ okre˜lono "AlwaysCreate".
ClCompile:
  c:\Program Files\Microsoft Visual Studio 10.0\VC\bin\CL.exe /c /Zi /W3 /WX- /Od /Ob0 /Oy- /D WIN32 /D _WINDOWS /D CHECK_FUNCTION_EXISTS=getsockname /D _DEBUG /D "CMAKE_INTDIR=\"Debug\"" /D _MBCS /Gm- /RTC1 /MDd /GS /fp:precise /Zc:wchar_t /Zc:forScope /Fo"cmTC_71b96.dir\Debug\\" /Fd"cmTC_71b96.dir\Debug\vc100.pdb" /Gd /TC /analyze- /errorReport:queue "..\..\..\..\..\Program Files\CMake\share\cmake-3.4\Modules\CheckFunctionExists.c"
  Microsoft (R) 32-bit C/C++ Optimizing Compiler Version 16.00.40219.01 for 80x86
  Copyright (C) Microsoft Corporation.  All rights reserved.
  
  cl /c /Zi /W3 /WX- /Od /Ob0 /Oy- /D WIN32 /D _WINDOWS /D CHECK_FUNCTION_EXISTS=getsockname /D _DEBUG /D "CMAKE_INTDIR=\"Debug\"" /D _MBCS /Gm- /RTC1 /MDd /GS /fp:precise /Zc:wchar_t /Zc:forScope /Fo"cmTC_71b96.dir\Debug\\" /Fd"cmTC_71b96.dir\Debug\vc100.pdb" /Gd /TC /analyze- /errorReport:queue "..\..\..\..\..\Program Files\CMake\share\cmake-3.4\Modules\CheckFunctionExists.c"
  CheckFunctionExists.c
  
ManifestResourceCompile:
  C:\Program Files\Microsoft SDKs\Windows\v7.0A\bin\rc.exe /nologo /fo"cmTC_71b96.dir\Debug\cmTC_71b96.exe.embed.manifest.res" cmTC_71b96.dir\Debug\cmTC_71b96_manifest.rc 
Link:
  c:\Program Files\Microsoft Visual Studio 10.0\VC\bin\link.exe /ERRORREPORT:QUEUE /OUT:"C:\mnich2\OpenIGTLink-1\Blds\CMakeFiles\CMakeTmp\Debug\cmTC_71b96.exe" /INCREMENTAL /NOLOGO kernel32.lib user32.lib gdi32.lib winspool.lib shell32.lib ole32.lib oleaut32.lib uuid.lib comdlg32.lib advapi32.lib socket.lib /MANIFEST /ManifestFile:"cmTC_71b96.dir\Debug\cmTC_71b96.exe.intermediate.manifest" /MANIFESTUAC:"level='asInvoker' uiAccess='false'" /DEBUG /PDB:"C:/mnich2/OpenIGTLink-1/Blds/CMakeFiles/CMakeTmp/Debug/cmTC_71b96.pdb" /SUBSYSTEM:CONSOLE /TLBID:1 /DYNAMICBASE /NXCOMPAT /IMPLIB:"C:/mnich2/OpenIGTLink-1/Blds/CMakeFiles/CMakeTmp/Debug/cmTC_71b96.lib" /MACHINE:X86 cmTC_71b96.dir\Debug\cmTC_71b96.exe.embed.manifest.res
  cmTC_71b96.dir\Debug\CheckFunctionExists.obj  /machine:X86 /debug 
LINK : fatal error LNK1104: cannot open file 'socket.lib' [C:\mnich2\OpenIGTLink-1\Blds\CMakeFiles\CMakeTmp\cmTC_71b96.vcxproj]
Kompilowanie projektu "C:\mnich2\OpenIGTLink-1\Blds\CMakeFiles\CMakeTmp\cmTC_71b96.vcxproj" wykonane (domy˜lne elementy docelowe) - NIEPOWODZENIE.

Kompilacja NIE POWIODA SI¨.

"C:\mnich2\OpenIGTLink-1\Blds\CMakeFiles\CMakeTmp\cmTC_71b96.vcxproj" (domy˜lny element docelowy) (1)->
(element docelowy Link) -> 
  LINK : fatal error LNK1104: cannot open file 'socket.lib' [C:\mnich2\OpenIGTLink-1\Blds\CMakeFiles\CMakeTmp\cmTC_71b96.vcxproj]

    Ostrze¾enia: 0
    Liczba bˆ©d¢w: 1

Czas, kt¢ry upˆyn¥ˆ: 00:00:00.34


Determining if getsockname accepts socklen_t type  failed with the following output:
Change Dir: C:/mnich2/OpenIGTLink-1/Blds/CMakeTmp/SocklenT/CMakeFiles/CMakeTmp

Run Build Command:"C:/Windows/Microsoft.NET/Framework/v4.0.30319/MSBuild.exe" "cmTC_d1380.vcxproj" "/p:Configuration=Debug" "/p:VisualStudioVersion=10.0"
Microsoft (R) Build Engine w wersji 4.6.1085.0
[Microsoft .NET Framework w wersji 4.0.30319.42000]
Copyright (C) Microsoft Corporation. Wszelkie prawa zastrze¾one.

Kompilacja rozpocz©ˆa si© 2017-03-13 11:58:50.
Projekt "C:\mnich2\OpenIGTLink-1\Blds\CMakeTmp\SocklenT\CMakeFiles\CMakeTmp\cmTC_d1380.vcxproj" w w©«le 1 (domy˜lne elementy docelowe).
PrepareForBuild:
  Tworzenie katalogu "cmTC_d1380.dir\Debug\".
  Tworzenie katalogu "C:\mnich2\OpenIGTLink-1\Blds\CMakeTmp\SocklenT\CMakeFiles\CMakeTmp\Debug\".
InitializeBuildStatus:
  Trwa tworzenie "cmTC_d1380.dir\Debug\cmTC_d1380.unsuccessfulbuild", poniewa¾ okre˜lono "AlwaysCreate".
ClCompile:
  c:\Program Files\Microsoft Visual Studio 10.0\VC\bin\CL.exe /c /Zi /W3 /WX- /Od /Ob0 /Oy- /D WIN32 /D _WINDOWS /D _DEBUG /D "CMAKE_INTDIR=\"Debug\"" /D _MBCS /Gm- /EHsc /RTC1 /MDd /GS /fp:precise /Zc:wchar_t /Zc:forScope /GR /Fo"cmTC_d1380.dir\Debug\\" /Fd"cmTC_d1380.dir\Debug\vc100.pdb" /Gd /TP /analyze- /errorReport:queue ..\..\..\..\..\CMake\igtlTestSocklenT.cxx
  Microsoft (R) 32-bit C/C++ Optimizing Compiler Version 16.00.40219.01 for 80x86
  Copyright (C) Microsoft Corporation.  All rights reserved.
  
  cl /c /Zi /W3 /WX- /Od /Ob0 /Oy- /D WIN32 /D _WINDOWS /D _DEBUG /D "CMAKE_INTDIR=\"Debug\"" /D _MBCS /Gm- /EHsc /RTC1 /MDd /GS /fp:precise /Zc:wchar_t /Zc:forScope /GR /Fo"cmTC_d1380.dir\Debug\\" /Fd"cmTC_d1380.dir\Debug\vc100.pdb" /Gd /TP /analyze- /errorReport:queue ..\..\..\..\..\CMake\igtlTestSocklenT.cxx
  igtlTestSocklenT.cxx
  
..\..\..\..\..\CMake\igtlTestSocklenT.cxx(11): error C2065: 'socklen_t' : undeclared identifier [C:\mnich2\OpenIGTLink-1\Blds\CMakeTmp\SocklenT\CMakeFiles\CMakeTmp\cmTC_d1380.vcxproj]
..\..\..\..\..\CMake\igtlTestSocklenT.cxx(11): error C2059: syntax error : ')' [C:\mnich2\OpenIGTLink-1\Blds\CMakeTmp\SocklenT\CMakeFiles\CMakeTmp\cmTC_d1380.vcxproj]
..\..\..\..\..\CMake\igtlTestSocklenT.cxx(12): error C2065: 'socklen_t' : undeclared identifier [C:\mnich2\OpenIGTLink-1\Blds\CMakeTmp\SocklenT\CMakeFiles\CMakeTmp\cmTC_d1380.vcxproj]
..\..\..\..\..\CMake\igtlTestSocklenT.cxx(12): error C2070: ''unknown-type'': illegal sizeof operand [C:\mnich2\OpenIGTLink-1\Blds\CMakeTmp\SocklenT\CMakeFiles\CMakeTmp\cmTC_d1380.vcxproj]
..\..\..\..\..\CMake\igtlTestSocklenT.cxx(11): error C3861: 'getsockname': identifier not found [C:\mnich2\OpenIGTLink-1\Blds\CMakeTmp\SocklenT\CMakeFiles\CMakeTmp\cmTC_d1380.vcxproj]
Kompilowanie projektu "C:\mnich2\OpenIGTLink-1\Blds\CMakeTmp\SocklenT\CMakeFiles\CMakeTmp\cmTC_d1380.vcxproj" wykonane (domy˜lne elementy docelowe) - NIEPOWODZENIE.

Kompilacja NIE POWIODA SI¨.

"C:\mnich2\OpenIGTLink-1\Blds\CMakeTmp\SocklenT\CMakeFiles\CMakeTmp\cmTC_d1380.vcxproj" (domy˜lny element docelowy) (1)->
(element docelowy ClCompile) -> 
  ..\..\..\..\..\CMake\igtlTestSocklenT.cxx(11): error C2065: 'socklen_t' : undeclared identifier [C:\mnich2\OpenIGTLink-1\Blds\CMakeTmp\SocklenT\CMakeFiles\CMakeTmp\cmTC_d1380.vcxproj]
  ..\..\..\..\..\CMake\igtlTestSocklenT.cxx(11): error C2059: syntax error : ')' [C:\mnich2\OpenIGTLink-1\Blds\CMakeTmp\SocklenT\CMakeFiles\CMakeTmp\cmTC_d1380.vcxproj]
  ..\..\..\..\..\CMake\igtlTestSocklenT.cxx(12): error C2065: 'socklen_t' : undeclared identifier [C:\mnich2\OpenIGTLink-1\Blds\CMakeTmp\SocklenT\CMakeFiles\CMakeTmp\cmTC_d1380.vcxproj]
  ..\..\..\..\..\CMake\igtlTestSocklenT.cxx(12): error C2070: ''unknown-type'': illegal sizeof operand [C:\mnich2\OpenIGTLink-1\Blds\CMakeTmp\SocklenT\CMakeFiles\CMakeTmp\cmTC_d1380.vcxproj]
  ..\..\..\..\..\CMake\igtlTestSocklenT.cxx(11): error C3861: 'getsockname': identifier not found [C:\mnich2\OpenIGTLink-1\Blds\CMakeTmp\SocklenT\CMakeFiles\CMakeTmp\cmTC_d1380.vcxproj]

    Ostrze¾enia: 0
    Liczba bˆ©d¢w: 5

Czas, kt¢ry upˆyn¥ˆ: 00:00:00.26


Determining if the SO_REUSEADDR exist failed with the following output:
Change Dir: C:/mnich2/OpenIGTLink-1/Blds/CMakeFiles/CMakeTmp

Run Build Command:"C:/Windows/Microsoft.NET/Framework/v4.0.30319/MSBuild.exe" "cmTC_0ab30.vcxproj" "/p:Configuration=Debug" "/p:VisualStudioVersion=10.0"
Microsoft (R) Build Engine w wersji 4.6.1085.0
[Microsoft .NET Framework w wersji 4.0.30319.42000]
Copyright (C) Microsoft Corporation. Wszelkie prawa zastrze¾one.

Kompilacja rozpocz©ˆa si© 2017-03-13 11:58:51.
Projekt "C:\mnich2\OpenIGTLink-1\Blds\CMakeFiles\CMakeTmp\cmTC_0ab30.vcxproj" w w©«le 1 (domy˜lne elementy docelowe).
PrepareForBuild:
  Tworzenie katalogu "cmTC_0ab30.dir\Debug\".
  Tworzenie katalogu "C:\mnich2\OpenIGTLink-1\Blds\CMakeFiles\CMakeTmp\Debug\".
InitializeBuildStatus:
  Trwa tworzenie "cmTC_0ab30.dir\Debug\cmTC_0ab30.unsuccessfulbuild", poniewa¾ okre˜lono "AlwaysCreate".
ClCompile:
  c:\Program Files\Microsoft Visual Studio 10.0\VC\bin\CL.exe /c /Zi /W3 /WX- /Od /Ob0 /Oy- /D WIN32 /D _WINDOWS /D _DEBUG /D "CMAKE_INTDIR=\"Debug\"" /D _MBCS /Gm- /RTC1 /MDd /GS /fp:precise /Zc:wchar_t /Zc:forScope /Fo"cmTC_0ab30.dir\Debug\\" /Fd"cmTC_0ab30.dir\Debug\vc100.pdb" /Gd /TC /analyze- /errorReport:queue CheckSymbolExists.c
  Microsoft (R) 32-bit C/C++ Optimizing Compiler Version 16.00.40219.01 for 80x86
  Copyright (C) Microsoft Corporation.  All rights reserved.
  
  cl /c /Zi /W3 /WX- /Od /Ob0 /Oy- /D WIN32 /D _WINDOWS /D _DEBUG /D "CMAKE_INTDIR=\"Debug\"" /D _MBCS /Gm- /RTC1 /MDd /GS /fp:precise /Zc:wchar_t /Zc:forScope /Fo"cmTC_0ab30.dir\Debug\\" /Fd"cmTC_0ab30.dir\Debug\vc100.pdb" /Gd /TC /analyze- /errorReport:queue CheckSymbolExists.c
  
  CheckSymbolExists.c
CheckSymbolExists.c(3): fatal error C1083: Cannot open include file: 'sys/socket.h': No such file or directory [C:\mnich2\OpenIGTLink-1\Blds\CMakeFiles\CMakeTmp\cmTC_0ab30.vcxproj]
Kompilowanie projektu "C:\mnich2\OpenIGTLink-1\Blds\CMakeFiles\CMakeTmp\cmTC_0ab30.vcxproj" wykonane (domy˜lne elementy docelowe) - NIEPOWODZENIE.

Kompilacja NIE POWIODA SI¨.

"C:\mnich2\OpenIGTLink-1\Blds\CMakeFiles\CMakeTmp\cmTC_0ab30.vcxproj" (domy˜lny element docelowy) (1)->
(element docelowy ClCompile) -> 
  CheckSymbolExists.c(3): fatal error C1083: Cannot open include file: 'sys/socket.h': No such file or directory [C:\mnich2\OpenIGTLink-1\Blds\CMakeFiles\CMakeTmp\cmTC_0ab30.vcxproj]

    Ostrze¾enia: 0
    Liczba bˆ©d¢w: 1

Czas, kt¢ry upˆyn¥ˆ: 00:00:00.22

File C:/mnich2/OpenIGTLink-1/Blds/CMakeFiles/CMakeTmp/CheckSymbolExists.c:
/* */
#include <sys/types.h>
#include <sys/socket.h>

int main(int argc, char** argv)
{
  (void)argv;
#ifndef SO_REUSEADDR
  return ((int*)(&SO_REUSEADDR))[argc];
#else
  (void)argc;
  return 0;
#endif
}

Determining if getsockname accepts socklen_t type  failed with the following output:
Change Dir: C:/mnich2/OpenIGTLink-1/Blds/CMakeTmp/SocklenT/CMakeFiles/CMakeTmp

Run Build Command:"C:/Windows/Microsoft.NET/Framework/v4.0.30319/MSBuild.exe" "cmTC_3d423.vcxproj" "/p:Configuration=Debug" "/p:VisualStudioVersion=10.0"
Microsoft (R) Build Engine w wersji 4.6.1085.0
[Microsoft .NET Framework w wersji 4.0.30319.42000]
Copyright (C) Microsoft Corporation. Wszelkie prawa zastrze¾one.

Kompilacja rozpocz©ˆa si© 2017-03-13 11:59:15.
Projekt "C:\mnich2\OpenIGTLink-1\Blds\CMakeTmp\SocklenT\CMakeFiles\CMakeTmp\cmTC_3d423.vcxproj" w w©«le 1 (domy˜lne elementy docelowe).
PrepareForBuild:
  Tworzenie katalogu "cmTC_3d423.dir\Debug\".
  Tworzenie katalogu "C:\mnich2\OpenIGTLink-1\Blds\CMakeTmp\SocklenT\CMakeFiles\CMakeTmp\Debug\".
InitializeBuildStatus:
  Trwa tworzenie "cmTC_3d423.dir\Debug\cmTC_3d423.unsuccessfulbuild", poniewa¾ okre˜lono "AlwaysCreate".
ClCompile:
  c:\Program Files\Microsoft Visual Studio 10.0\VC\bin\CL.exe /c /Zi /W3 /WX- /Od /Ob0 /Oy- /D WIN32 /D _WINDOWS /D _DEBUG /D "CMAKE_INTDIR=\"Debug\"" /D _MBCS /Gm- /EHsc /RTC1 /MDd /GS /fp:precise /Zc:wchar_t /Zc:forScope /GR /Fo"cmTC_3d423.dir\Debug\\" /Fd"cmTC_3d423.dir\Debug\vc100.pdb" /Gd /TP /analyze- /errorReport:queue ..\..\..\..\..\CMake\igtlTestSocklenT.cxx
  Microsoft (R) 32-bit C/C++ Optimizing Compiler Version 16.00.40219.01 for 80x86
  Copyright (C) Microsoft Corporation.  All rights reserved.
  
  cl /c /Zi /W3 /WX- /Od /Ob0 /Oy- /D WIN32 /D _WINDOWS /D _DEBUG /D "CMAKE_INTDIR=\"Debug\"" /D _MBCS /Gm- /EHsc /RTC1 /MDd /GS /fp:precise /Zc:wchar_t /Zc:forScope /GR /Fo"cmTC_3d423.dir\Debug\\" /Fd"cmTC_3d423.dir\Debug\vc100.pdb" /Gd /TP /analyze- /errorReport:queue ..\..\..\..\..\CMake\igtlTestSocklenT.cxx
  
  igtlTestSocklenT.cxx
..\..\..\..\..\CMake\igtlTestSocklenT.cxx(11): error C2065: 'socklen_t' : undeclared identifier [C:\mnich2\OpenIGTLink-1\Blds\CMakeTmp\SocklenT\CMakeFiles\CMakeTmp\cmTC_3d423.vcxproj]
..\..\..\..\..\CMake\igtlTestSocklenT.cxx(11): error C2059: syntax error : ')' [C:\mnich2\OpenIGTLink-1\Blds\CMakeTmp\SocklenT\CMakeFiles\CMakeTmp\cmTC_3d423.vcxproj]
..\..\..\..\..\CMake\igtlTestSocklenT.cxx(12): error C2065: 'socklen_t' : undeclared identifier [C:\mnich2\OpenIGTLink-1\Blds\CMakeTmp\SocklenT\CMakeFiles\CMakeTmp\cmTC_3d423.vcxproj]
..\..\..\..\..\CMake\igtlTestSocklenT.cxx(12): error C2070: ''unknown-type'': illegal sizeof operand [C:\mnich2\OpenIGTLink-1\Blds\CMakeTmp\SocklenT\CMakeFiles\CMakeTmp\cmTC_3d423.vcxproj]
..\..\..\..\..\CMake\igtlTestSocklenT.cxx(11): error C3861: 'getsockname': identifier not found [C:\mnich2\OpenIGTLink-1\Blds\CMakeTmp\SocklenT\CMakeFiles\CMakeTmp\cmTC_3d423.vcxproj]
Kompilowanie projektu "C:\mnich2\OpenIGTLink-1\Blds\CMakeTmp\SocklenT\CMakeFiles\CMakeTmp\cmTC_3d423.vcxproj" wykonane (domy˜lne elementy docelowe) - NIEPOWODZENIE.

Kompilacja NIE POWIODA SI¨.

"C:\mnich2\OpenIGTLink-1\Blds\CMakeTmp\SocklenT\CMakeFiles\CMakeTmp\cmTC_3d423.vcxproj" (domy˜lny element docelowy) (1)->
(element docelowy ClCompile) -> 
  ..\..\..\..\..\CMake\igtlTestSocklenT.cxx(11): error C2065: 'socklen_t' : undeclared identifier [C:\mnich2\OpenIGTLink-1\Blds\CMakeTmp\SocklenT\CMakeFiles\CMakeTmp\cmTC_3d423.vcxproj]
  ..\..\..\..\..\CMake\igtlTestSocklenT.cxx(11): error C2059: syntax error : ')' [C:\mnich2\OpenIGTLink-1\Blds\CMakeTmp\SocklenT\CMakeFiles\CMakeTmp\cmTC_3d423.vcxproj]
  ..\..\..\..\..\CMake\igtlTestSocklenT.cxx(12): error C2065: 'socklen_t' : undeclared identifier [C:\mnich2\OpenIGTLink-1\Blds\CMakeTmp\SocklenT\CMakeFiles\CMakeTmp\cmTC_3d423.vcxproj]
  ..\..\..\..\..\CMake\igtlTestSocklenT.cxx(12): error C2070: ''unknown-type'': illegal sizeof operand [C:\mnich2\OpenIGTLink-1\Blds\CMakeTmp\SocklenT\CMakeFiles\CMakeTmp\cmTC_3d423.vcxproj]
  ..\..\..\..\..\CMake\igtlTestSocklenT.cxx(11): error C3861: 'getsockname': identifier not found [C:\mnich2\OpenIGTLink-1\Blds\CMakeTmp\SocklenT\CMakeFiles\CMakeTmp\cmTC_3d423.vcxproj]

    Ostrze¾enia: 0
    Liczba bˆ©d¢w: 5

Czas, kt¢ry upˆyn¥ˆ: 00:00:00.24


